1721598169785:create
1721598172580:created
1721598174914:create
1721598176351:close
1721598178237:test
1721598179776:help
1721600296356:create
1721600311068:create --description
1721600332128:create --description this is desc --link yahoo.com --parentId 24
1721600374424:create --description 'this is description' --link yahoo.com --parentId 24
1721600576967:create --description "this is description" --link yahoo.com --parentId 24
1721600759841:create
1721607408206:create test
1721607419184:create "issue with blah"
1721607444787:create "test"
1721607501200:help
1721607866967:close 12
1721618531655:close 2
1721618538373:create "testing defect"
1721618644493:close 2
1721618647801:create "testing"
1721618949868:close
1721618954454:close 2
1721618958021:close --id 3
1721618963484:create "test"
1721618981553:create wtf is this
1721619128367:create wtf is this shit lol
1721619146110:create "description" 23 yahoo.com
1721619975244:create "testing"
1721620070676:create "wtf is this"
1721622951594:create "test"
1721624575629:close I-1
1721682287964:create 'test'
1721682666156:create 'src'
1721682999910:create 'test'
1721683044089:create 's'
1721683189434:stacktrace
1721683379511:create 'test'
1721683384210:stacktrace
1721683427315:create 'test'
1721683431749:stacktrace
1721683548743:create 's'
1721683553923:stacktrace
1721683581026:create 's'
1721683584853:stacktrace
1721683617160:create 's'
1721683766161:create 't'
1721683813529:create 's'
1721683945817:create 'ts'
1721683949855:stacktrace
1721684001765:create 's'
1721684510199:stacktrace
1721684857051:create 's'
1721685018850:create 'test'
1721685048479:create 's'
1721685151435:create test
1721685415361:create 's'
1721685527409:create test
1721685544117:create 's'
1721685568245:create test
1721685582597:create tes
1721685603326:create test
1721685615613:create
1721685618863:create s
1721685768185:create test
1721685869185:create tes
1721685883578:create test
1721686015597:create 's'
1721686049660:create te
1721686082333:create test
1721686410348:createt tes
1721686412112:create test
1721686909783:createt tes
1721686913909:create test
1721689991793:stacktrace
1721690071381:create test
1721690084092:stacktrace
1721690112285:create test
1721691043769:stacktrace
1721691048631:create test
1721695273474:stacktrace
1721695275694:create test
1721698595001:create test --link yahoo.com
1721698681908:create test I-1 yahoo.com
1721700128351:stacktrace
1721700146531:create test I-1 yahoo.com
1721705662680:create "test" I-2 yahoo.com
1721705698093:close I-44
1721705714971:create "test" I-2 yahoo.com
1721705719666:create test I-1 yahoo.com
1721705814031:close I-50
1721706115758:stacktrace
1721706265996:close I-50
1721706286003:create test I-1 yahoo.com
1721706296751:close I-52
1721706407872:create test I-1 yahoo.com
1721706418182:close I-54
1721706472289:create test I-1 yahoo.com
1721706480235:close I-52
1721706483755:create test I-1 yahoo.com
1721706485969:close I-50
1721706503455:create test I-1 yahoo.com
1721706516767:close I-63
1721706572065:create test I-1 yahoo.com
1721706580993:close I-64
1721706854717:create test I-1 yahoo.com
1721706862244:close I-66
1721706889400:create test I-1 yahoo.com
1721706899439:close I-68
1721706910938:create test I-1 yahoo.com
1721706915499:close I-69
1721707026195:create test I-1 yahoo.com
1721707033169:close I-71
1721764385006:create
1721764387792:create test
1721764489600:create
1721764494763:create ' '
1721764508065:close I-71
1721764639842:close I-7621
1721764643456:close I-76
1721764650552:close I-73
1721764689003:close I-735
1721765553820:create test timestamp yahoo
1721768006918:close I-79
1721768046438:stacktrace
1721768096969:close I-79
1721768230864:close I-80
1721768233910:close I-81
1721768236622:close I-82
1721769186484:create test timestamp yahoo
1721771100404:close I-93
1721771107502:close I-92
